#-----------------------------------------------------------
# Vivado v2017.4 (64-bit)
# SW Build 2086221 on Fri Dec 15 20:55:39 MST 2017
# IP Build 2085800 on Fri Dec 15 22:25:07 MST 2017
# Start of session at: Tue Aug  7 11:19:43 2018
# Process ID: 13624
# Current directory: C:/Users/mloui/Documents/ROIC/edit_adc_ip
# Command line: vivado.exe -gui_launcher_event rodinguilauncherevent11792 C:\Users\mloui\Documents\ROIC\edit_adc_ip\edit_adc_core_v1_0.xpr
# Log file: C:/Users/mloui/Documents/ROIC/edit_adc_ip/vivado.log
# Journal file: C:/Users/mloui/Documents/ROIC/edit_adc_ip\vivado.jou
#-----------------------------------------------------------
start_gui
open_project C:/Users/mloui/Documents/ROIC/edit_adc_ip/edit_adc_core_v1_0.xpr
INFO: [Project 1-313] Project file moved from 'C:/Users/mloui/Documents/ROIC/ip_repo' since last save.
WARNING: [Project 1-312] File not found as 'C:/Users/mloui/Documents/ROIC/edit_adc_ip/adc_core_1.0/src/adc_interface.vhd'; using path 'C:/Users/mloui/Documents/ROIC/ip_repo/adc_core_1.0/src/adc_interface.vhd' instead.
WARNING: [Project 1-312] File not found as 'C:/Users/mloui/Documents/ROIC/edit_adc_ip/adc_core_1.0/src/Data_Collector.vhd'; using path 'C:/Users/mloui/Documents/ROIC/ip_repo/adc_core_1.0/src/Data_Collector.vhd' instead.
WARNING: [Project 1-312] File not found as 'C:/Users/mloui/Documents/ROIC/edit_adc_ip/adc_core_1.0/hdl/adc_core_v1_0_S00_AXI.vhd'; using path 'C:/Users/mloui/Documents/ROIC/ip_repo/adc_core_1.0/hdl/adc_core_v1_0_S00_AXI.vhd' instead.
WARNING: [Project 1-312] File not found as 'C:/Users/mloui/Documents/ROIC/edit_adc_ip/adc_core_1.0/hdl/adc_core_v1_0.vhd'; using path 'C:/Users/mloui/Documents/ROIC/ip_repo/adc_core_1.0/hdl/adc_core_v1_0.vhd' instead.
WARNING: [Project 1-312] File not found as 'C:/Users/mloui/Documents/ROIC/edit_adc_ip/adc_core_1.0/src/FIFO.vhd'; using path 'C:/Users/mloui/Documents/ROIC/ip_repo/adc_core_1.0/src/FIFO.vhd' instead.
WARNING: [Project 1-312] File not found as 'C:/Users/mloui/Documents/ROIC/edit_adc_ip/adc_core_1.0/component.xml'; using path 'C:/Users/mloui/Documents/ROIC/ip_repo/adc_core_1.0/component.xml' instead.
WARNING: [Project 1-312] File not found as 'C:/Users/mloui/Documents/ROIC/edit_adc_ip/adc_core_1.0/src/axis_data_fifo_0/axis_data_fifo_0.xci'; using path 'C:/Users/mloui/Documents/ROIC/ip_repo/adc_core_1.0/src/axis_data_fifo_0/axis_data_fifo_0.xci' instead.
Scanning sources...
Finished scanning sources
WARNING: [Project 1-312] File not found as 'C:/Users/mloui/Documents/ROIC/edit_adc_ip/adc_core_1.0/src/adc_interface.vhd'; using path 'C:/Users/mloui/Documents/ROIC/ip_repo/adc_core_1.0/src/adc_interface.vhd' instead.
WARNING: [Project 1-312] File not found as 'C:/Users/mloui/Documents/ROIC/edit_adc_ip/adc_core_1.0/src/Data_Collector.vhd'; using path 'C:/Users/mloui/Documents/ROIC/ip_repo/adc_core_1.0/src/Data_Collector.vhd' instead.
WARNING: [Project 1-312] File not found as 'C:/Users/mloui/Documents/ROIC/edit_adc_ip/adc_core_1.0/hdl/adc_core_v1_0_S00_AXI.vhd'; using path 'C:/Users/mloui/Documents/ROIC/ip_repo/adc_core_1.0/hdl/adc_core_v1_0_S00_AXI.vhd' instead.
WARNING: [Project 1-312] File not found as 'C:/Users/mloui/Documents/ROIC/edit_adc_ip/adc_core_1.0/hdl/adc_core_v1_0.vhd'; using path 'C:/Users/mloui/Documents/ROIC/ip_repo/adc_core_1.0/hdl/adc_core_v1_0.vhd' instead.
WARNING: [Project 1-312] File not found as 'C:/Users/mloui/Documents/ROIC/edit_adc_ip/adc_core_1.0/src/FIFO.vhd'; using path 'C:/Users/mloui/Documents/ROIC/ip_repo/adc_core_1.0/src/FIFO.vhd' instead.
WARNING: [Project 1-312] File not found as 'C:/Users/mloui/Documents/ROIC/edit_adc_ip/adc_core_1.0/component.xml'; using path 'C:/Users/mloui/Documents/ROIC/ip_repo/adc_core_1.0/component.xml' instead.
WARNING: [Project 1-312] File not found as 'C:/Users/mloui/Documents/ROIC/edit_adc_ip/adc_core_1.0/src/axis_data_fifo_0/axis_data_fifo_0.xci'; using path 'C:/Users/mloui/Documents/ROIC/ip_repo/adc_core_1.0/src/axis_data_fifo_0/axis_data_fifo_0.xci' instead.
WARNING: [Project 1-312] File not found as 'C:/Users/mloui/Documents/ROIC/edit_adc_ip/adc_core_1.0/src/axis_data_fifo_0/axis_data_fifo_0.xci'; using path 'C:/Users/mloui/Documents/ROIC/ip_repo/adc_core_1.0/src/axis_data_fifo_0/axis_data_fifo_0.xci' instead.
INFO: [filemgmt 56-1] IP Repository Path: Directory not found as 'C:/Users/mloui/Documents/ROIC/edit_adc_ip/adc_core_1.0'; using path 'C:/Users/mloui/Documents/ROIC/ip_repo/adc_core_1.0' instead.
INFO: [filemgmt 56-1] IP Repository Path: Directory not found as 'C:/Users/mloui/Documents/ROIC/edit_adc_ip/adc_core_1.0'; using path 'C:/Users/mloui/Documents/ROIC/ip_repo/adc_core_1.0' instead.
INFO: [filemgmt 56-1] IP Repository Path: Directory not found as 'C:/Users/mloui/Documents/ROIC/edit_adc_ip/adc_core_1.0'; using path 'C:/Users/mloui/Documents/ROIC/ip_repo/adc_core_1.0' instead.
INFO: [filemgmt 56-1] IP Repository Path: Directory not found as 'C:/Users/mloui/Documents/ROIC/edit_adc_ip/adc_core_1.0'; using path 'C:/Users/mloui/Documents/ROIC/ip_repo/adc_core_1.0' instead.
INFO: [filemgmt 56-1] IP Repository Path: Directory not found as 'C:/Users/mloui/Documents/ROIC/edit_adc_ip/adc_core_1.0'; using path 'C:/Users/mloui/Documents/ROIC/ip_repo/adc_core_1.0' instead.
WARNING: [filemgmt 56-2] IP Repository Path: Could not find the directory 'C:/Users/mloui/Documents/ROIC/edit_adc_ip/myip_1.0', nor could it be found using path 'C:/Users/mloui/Documents/ROIC/ip_repo/myip_1.0'.
INFO: [IP_Flow 19-234] Refreshing IP repositories
INFO: [IP_Flow 19-1700] Loaded user IP repository 'c:/Users/mloui/Documents/ROIC/ip_repo/adc_core_1.0'.
WARNING: [IP_Flow 19-2207] Repository 'c:/Users/mloui/Documents/ROIC/ip_repo/adc_core_1.0' already exists; ignoring attempt to add it again.
INFO: [IP_Flow 19-1700] Loaded user IP repository 'c:/Users/mloui/Documents/ROIC/ip_repo/adc_core_1.0'.
WARNING: [IP_Flow 19-2207] Repository 'c:/Users/mloui/Documents/ROIC/ip_repo/adc_core_1.0' already exists; ignoring attempt to add it again.
INFO: [IP_Flow 19-1700] Loaded user IP repository 'c:/Users/mloui/Documents/ROIC/ip_repo/adc_core_1.0'.
WARNING: [IP_Flow 19-2207] Repository 'c:/Users/mloui/Documents/ROIC/ip_repo/adc_core_1.0' already exists; ignoring attempt to add it again.
INFO: [IP_Flow 19-1700] Loaded user IP repository 'c:/Users/mloui/Documents/ROIC/ip_repo/adc_core_1.0'.
WARNING: [IP_Flow 19-2207] Repository 'c:/Users/mloui/Documents/ROIC/ip_repo/adc_core_1.0' already exists; ignoring attempt to add it again.
INFO: [IP_Flow 19-1700] Loaded user IP repository 'c:/Users/mloui/Documents/ROIC/ip_repo/adc_core_1.0'.
WARNING: [IP_Flow 19-2248] Failed to load user IP repository 'c:/Users/mloui/Documents/ROIC/edit_adc_ip/myip_1.0'; Can't find the specified path.
If this directory should no longer be in your list of user repositories, go to the IP Settings dialog and remove it.
INFO: [IP_Flow 19-2313] Loaded Vivado IP repository 'C:/XilinxV/Vivado/2017.4/data/ip'.
open_project: Time (s): cpu = 00:00:13 ; elapsed = 00:00:08 . Memory (MB): peak = 840.965 ; gain = 119.164
update_compile_order -fileset sources_1
create_ip -name axis_data_fifo -vendor xilinx.com -library ip -version 1.1 -module_name axis_data_fifo_1 -dir c:/Users/mloui/Documents/ROIC/edit_adc_ip/edit_adc_core_v1_0.srcs/sources_1/ip
generate_target {instantiation_template} [get_files c:/Users/mloui/Documents/ROIC/edit_adc_ip/edit_adc_core_v1_0.srcs/sources_1/ip/axis_data_fifo_1/axis_data_fifo_1.xci]
INFO: [IP_Flow 19-1686] Generating 'Instantiation Template' target for IP 'axis_data_fifo_1'...
generate_target all [get_files  c:/Users/mloui/Documents/ROIC/edit_adc_ip/edit_adc_core_v1_0.srcs/sources_1/ip/axis_data_fifo_1/axis_data_fifo_1.xci]
INFO: [IP_Flow 19-1686] Generating 'Synthesis' target for IP 'axis_data_fifo_1'...
INFO: [IP_Flow 19-1686] Generating 'Simulation' target for IP 'axis_data_fifo_1'...
INFO: [IP_Flow 19-1686] Generating 'Change Log' target for IP 'axis_data_fifo_1'...
catch { config_ip_cache -export [get_ips -all axis_data_fifo_1] }
INFO: [IP_Flow 19-4993] Using cached IP synthesis design for IP axis_data_fifo_1, cache-ID = c3290f8764d50fbc; cache size = 0.574 MB.
export_ip_user_files -of_objects [get_files c:/Users/mloui/Documents/ROIC/edit_adc_ip/edit_adc_core_v1_0.srcs/sources_1/ip/axis_data_fifo_1/axis_data_fifo_1.xci] -no_script -sync -force -quiet
create_ip_run [get_files -of_objects [get_fileset sources_1] c:/Users/mloui/Documents/ROIC/edit_adc_ip/edit_adc_core_v1_0.srcs/sources_1/ip/axis_data_fifo_1/axis_data_fifo_1.xci]
INFO: [Vivado 12-3453] The given sub-design is up-to-date, no action was taken.  If a run is still desired, use the '-force' option for the file:'c:/Users/mloui/Documents/ROIC/edit_adc_ip/edit_adc_core_v1_0.srcs/sources_1/ip/axis_data_fifo_1/axis_data_fifo_1.xci'
export_simulation -of_objects [get_files c:/Users/mloui/Documents/ROIC/edit_adc_ip/edit_adc_core_v1_0.srcs/sources_1/ip/axis_data_fifo_1/axis_data_fifo_1.xci] -directory C:/Users/mloui/Documents/ROIC/edit_adc_ip/edit_adc_core_v1_0.ip_user_files/sim_scripts -ip_user_files_dir C:/Users/mloui/Documents/ROIC/edit_adc_ip/edit_adc_core_v1_0.ip_user_files -ipstatic_source_dir C:/Users/mloui/Documents/ROIC/edit_adc_ip/edit_adc_core_v1_0.ip_user_files/ipstatic -lib_map_path [list {modelsim=C:/Users/mloui/Documents/ROIC/edit_adc_ip/edit_adc_core_v1_0.cache/compile_simlib/modelsim} {questa=C:/Users/mloui/Documents/ROIC/edit_adc_ip/edit_adc_core_v1_0.cache/compile_simlib/questa} {riviera=C:/Users/mloui/Documents/ROIC/edit_adc_ip/edit_adc_core_v1_0.cache/compile_simlib/riviera} {activehdl=C:/Users/mloui/Documents/ROIC/edit_adc_ip/edit_adc_core_v1_0.cache/compile_simlib/activehdl}] -use_ip_compiled_libs -force -quiet
update_compile_order -fileset sources_1
export_ip_user_files -of_objects  [get_files c:/Users/mloui/Documents/ROIC/edit_adc_ip/edit_adc_core_v1_0.srcs/sources_1/ip/axis_data_fifo_1/axis_data_fifo_1.xci] -no_script -reset -force -quiet
remove_files  c:/Users/mloui/Documents/ROIC/edit_adc_ip/edit_adc_core_v1_0.srcs/sources_1/ip/axis_data_fifo_1/axis_data_fifo_1.xci
file delete -force c:/Users/mloui/Documents/ROIC/edit_adc_ip/edit_adc_core_v1_0.srcs/sources_1/ip/axis_data_fifo_1
create_ip -name fifo_generator -vendor xilinx.com -library ip -version 13.2 -module_name fifo_generator_0 -dir c:/Users/mloui/Documents/ROIC/edit_adc_ip/edit_adc_core_v1_0.srcs/sources_1/ip
generate_target {instantiation_template} [get_files c:/Users/mloui/Documents/ROIC/edit_adc_ip/edit_adc_core_v1_0.srcs/sources_1/ip/fifo_generator_0/fifo_generator_0.xci]
INFO: [IP_Flow 19-1686] Generating 'Instantiation Template' target for IP 'fifo_generator_0'...
generate_target all [get_files  c:/Users/mloui/Documents/ROIC/edit_adc_ip/edit_adc_core_v1_0.srcs/sources_1/ip/fifo_generator_0/fifo_generator_0.xci]
INFO: [IP_Flow 19-1686] Generating 'Synthesis' target for IP 'fifo_generator_0'...
INFO: [IP_Flow 19-1686] Generating 'Simulation' target for IP 'fifo_generator_0'...
INFO: [IP_Flow 19-1686] Generating 'Change Log' target for IP 'fifo_generator_0'...
catch { config_ip_cache -export [get_ips -all fifo_generator_0] }
export_ip_user_files -of_objects [get_files c:/Users/mloui/Documents/ROIC/edit_adc_ip/edit_adc_core_v1_0.srcs/sources_1/ip/fifo_generator_0/fifo_generator_0.xci] -no_script -sync -force -quiet
create_ip_run [get_files -of_objects [get_fileset sources_1] c:/Users/mloui/Documents/ROIC/edit_adc_ip/edit_adc_core_v1_0.srcs/sources_1/ip/fifo_generator_0/fifo_generator_0.xci]
launch_runs -jobs 4 fifo_generator_0_synth_1
[Tue Aug  7 11:52:41 2018] Launched fifo_generator_0_synth_1...
Run output will be captured here: C:/Users/mloui/Documents/ROIC/edit_adc_ip/edit_adc_core_v1_0.runs/fifo_generator_0_synth_1/runme.log
export_simulation -of_objects [get_files c:/Users/mloui/Documents/ROIC/edit_adc_ip/edit_adc_core_v1_0.srcs/sources_1/ip/fifo_generator_0/fifo_generator_0.xci] -directory C:/Users/mloui/Documents/ROIC/edit_adc_ip/edit_adc_core_v1_0.ip_user_files/sim_scripts -ip_user_files_dir C:/Users/mloui/Documents/ROIC/edit_adc_ip/edit_adc_core_v1_0.ip_user_files -ipstatic_source_dir C:/Users/mloui/Documents/ROIC/edit_adc_ip/edit_adc_core_v1_0.ip_user_files/ipstatic -lib_map_path [list {modelsim=C:/Users/mloui/Documents/ROIC/edit_adc_ip/edit_adc_core_v1_0.cache/compile_simlib/modelsim} {questa=C:/Users/mloui/Documents/ROIC/edit_adc_ip/edit_adc_core_v1_0.cache/compile_simlib/questa} {riviera=C:/Users/mloui/Documents/ROIC/edit_adc_ip/edit_adc_core_v1_0.cache/compile_simlib/riviera} {activehdl=C:/Users/mloui/Documents/ROIC/edit_adc_ip/edit_adc_core_v1_0.cache/compile_simlib/activehdl}] -use_ip_compiled_libs -force -quiet
export_ip_user_files -of_objects  [get_files C:/Users/mloui/Documents/ROIC/ip_repo/adc_core_1.0/src/axis_data_fifo_0/axis_data_fifo_0.xci] -no_script -reset -force -quiet
remove_files  -fileset axis_data_fifo_0 C:/Users/mloui/Documents/ROIC/ip_repo/adc_core_1.0/src/axis_data_fifo_0/axis_data_fifo_0.xci
INFO: [Project 1-386] Moving file 'C:/Users/mloui/Documents/ROIC/ip_repo/adc_core_1.0/src/axis_data_fifo_0/axis_data_fifo_0.xci' from fileset 'axis_data_fifo_0' to fileset 'sources_1'.
create_ip -name axis_data_fifo -vendor xilinx.com -library ip -version 1.1 -module_name axis_data_fifo_0 -dir c:/Users/mloui/Documents/ROIC/edit_adc_ip/edit_adc_core_v1_0.srcs/sources_1/ip
generate_target {instantiation_template} [get_files c:/Users/mloui/Documents/ROIC/edit_adc_ip/edit_adc_core_v1_0.srcs/sources_1/ip/axis_data_fifo_0/axis_data_fifo_0.xci]
INFO: [IP_Flow 19-1686] Generating 'Instantiation Template' target for IP 'axis_data_fifo_0'...
generate_target all [get_files  c:/Users/mloui/Documents/ROIC/edit_adc_ip/edit_adc_core_v1_0.srcs/sources_1/ip/axis_data_fifo_0/axis_data_fifo_0.xci]
INFO: [IP_Flow 19-1686] Generating 'Synthesis' target for IP 'axis_data_fifo_0'...
INFO: [IP_Flow 19-1686] Generating 'Simulation' target for IP 'axis_data_fifo_0'...
INFO: [IP_Flow 19-1686] Generating 'Change Log' target for IP 'axis_data_fifo_0'...
catch { config_ip_cache -export [get_ips -all axis_data_fifo_0] }
INFO: [IP_Flow 19-4993] Using cached IP synthesis design for IP axis_data_fifo_0, cache-ID = c3290f8764d50fbc; cache size = 0.874 MB.
export_ip_user_files -of_objects [get_files c:/Users/mloui/Documents/ROIC/edit_adc_ip/edit_adc_core_v1_0.srcs/sources_1/ip/axis_data_fifo_0/axis_data_fifo_0.xci] -no_script -sync -force -quiet
create_ip_run [get_files -of_objects [get_fileset sources_1] c:/Users/mloui/Documents/ROIC/edit_adc_ip/edit_adc_core_v1_0.srcs/sources_1/ip/axis_data_fifo_0/axis_data_fifo_0.xci]
INFO: [Vivado 12-3453] The given sub-design is up-to-date, no action was taken.  If a run is still desired, use the '-force' option for the file:'c:/Users/mloui/Documents/ROIC/edit_adc_ip/edit_adc_core_v1_0.srcs/sources_1/ip/axis_data_fifo_0/axis_data_fifo_0.xci'
export_simulation -of_objects [get_files c:/Users/mloui/Documents/ROIC/edit_adc_ip/edit_adc_core_v1_0.srcs/sources_1/ip/axis_data_fifo_0/axis_data_fifo_0.xci] -directory C:/Users/mloui/Documents/ROIC/edit_adc_ip/edit_adc_core_v1_0.ip_user_files/sim_scripts -ip_user_files_dir C:/Users/mloui/Documents/ROIC/edit_adc_ip/edit_adc_core_v1_0.ip_user_files -ipstatic_source_dir C:/Users/mloui/Documents/ROIC/edit_adc_ip/edit_adc_core_v1_0.ip_user_files/ipstatic -lib_map_path [list {modelsim=C:/Users/mloui/Documents/ROIC/edit_adc_ip/edit_adc_core_v1_0.cache/compile_simlib/modelsim} {questa=C:/Users/mloui/Documents/ROIC/edit_adc_ip/edit_adc_core_v1_0.cache/compile_simlib/questa} {riviera=C:/Users/mloui/Documents/ROIC/edit_adc_ip/edit_adc_core_v1_0.cache/compile_simlib/riviera} {activehdl=C:/Users/mloui/Documents/ROIC/edit_adc_ip/edit_adc_core_v1_0.cache/compile_simlib/activehdl}] -use_ip_compiled_libs -force -quiet
update_compile_order -fileset sources_1
update_compile_order -fileset sources_1
reset_run synth_1
launch_runs synth_1 -jobs 4
INFO: [Vivado 12-4149] The synthesis checkpoint for IP 'c:/Users/mloui/Documents/ROIC/edit_adc_ip/edit_adc_core_v1_0.srcs/sources_1/ip/axis_data_fifo_0/axis_data_fifo_0.xci' is already up-to-date
[Tue Aug  7 12:27:02 2018] Launched synth_1...
Run output will be captured here: C:/Users/mloui/Documents/ROIC/edit_adc_ip/edit_adc_core_v1_0.runs/synth_1/runme.log
launch_runs: Time (s): cpu = 00:00:00 ; elapsed = 00:00:21 . Memory (MB): peak = 946.051 ; gain = 0.000
reset_run synth_1
launch_runs synth_1 -jobs 4
INFO: [Vivado 12-4149] The synthesis checkpoint for IP 'c:/Users/mloui/Documents/ROIC/edit_adc_ip/edit_adc_core_v1_0.srcs/sources_1/ip/axis_data_fifo_0/axis_data_fifo_0.xci' is already up-to-date
[Tue Aug  7 12:29:26 2018] Launched synth_1...
Run output will be captured here: C:/Users/mloui/Documents/ROIC/edit_adc_ip/edit_adc_core_v1_0.runs/synth_1/runme.log
set_property -dict [list CONFIG.IS_ACLK_ASYNC {1}] [get_ips axis_data_fifo_0]
generate_target all [get_files  c:/Users/mloui/Documents/ROIC/edit_adc_ip/edit_adc_core_v1_0.srcs/sources_1/ip/axis_data_fifo_0/axis_data_fifo_0.xci]
INFO: [IP_Flow 19-1686] Generating 'Instantiation Template' target for IP 'axis_data_fifo_0'...
INFO: [IP_Flow 19-1686] Generating 'Synthesis' target for IP 'axis_data_fifo_0'...
INFO: [IP_Flow 19-1686] Generating 'Simulation' target for IP 'axis_data_fifo_0'...
INFO: [IP_Flow 19-1686] Generating 'Change Log' target for IP 'axis_data_fifo_0'...
catch { config_ip_cache -export [get_ips -all axis_data_fifo_0] }
export_ip_user_files -of_objects [get_files c:/Users/mloui/Documents/ROIC/edit_adc_ip/edit_adc_core_v1_0.srcs/sources_1/ip/axis_data_fifo_0/axis_data_fifo_0.xci] -no_script -sync -force -quiet
create_ip_run [get_files -of_objects [get_fileset sources_1] c:/Users/mloui/Documents/ROIC/edit_adc_ip/edit_adc_core_v1_0.srcs/sources_1/ip/axis_data_fifo_0/axis_data_fifo_0.xci]
create_ip_run: Time (s): cpu = 00:00:01 ; elapsed = 00:00:13 . Memory (MB): peak = 946.051 ; gain = 0.000
launch_runs -jobs 4 axis_data_fifo_0_synth_1
[Tue Aug  7 12:32:37 2018] Launched axis_data_fifo_0_synth_1...
Run output will be captured here: C:/Users/mloui/Documents/ROIC/edit_adc_ip/edit_adc_core_v1_0.runs/axis_data_fifo_0_synth_1/runme.log
export_simulation -of_objects [get_files c:/Users/mloui/Documents/ROIC/edit_adc_ip/edit_adc_core_v1_0.srcs/sources_1/ip/axis_data_fifo_0/axis_data_fifo_0.xci] -directory C:/Users/mloui/Documents/ROIC/edit_adc_ip/edit_adc_core_v1_0.ip_user_files/sim_scripts -ip_user_files_dir C:/Users/mloui/Documents/ROIC/edit_adc_ip/edit_adc_core_v1_0.ip_user_files -ipstatic_source_dir C:/Users/mloui/Documents/ROIC/edit_adc_ip/edit_adc_core_v1_0.ip_user_files/ipstatic -lib_map_path [list {modelsim=C:/Users/mloui/Documents/ROIC/edit_adc_ip/edit_adc_core_v1_0.cache/compile_simlib/modelsim} {questa=C:/Users/mloui/Documents/ROIC/edit_adc_ip/edit_adc_core_v1_0.cache/compile_simlib/questa} {riviera=C:/Users/mloui/Documents/ROIC/edit_adc_ip/edit_adc_core_v1_0.cache/compile_simlib/riviera} {activehdl=C:/Users/mloui/Documents/ROIC/edit_adc_ip/edit_adc_core_v1_0.cache/compile_simlib/activehdl}] -use_ip_compiled_libs -force -quiet
reset_run synth_1
WARNING: [Vivado 12-1017] Problems encountered:
1. Failed to delete one or more files in run directory C:/Users/mloui/Documents/ROIC/edit_adc_ip/edit_adc_core_v1_0.runs/synth_1

launch_runs synth_1 -jobs 4
[Tue Aug  7 12:33:22 2018] Launched axis_data_fifo_0_synth_1...
Run output will be captured here: C:/Users/mloui/Documents/ROIC/edit_adc_ip/edit_adc_core_v1_0.runs/axis_data_fifo_0_synth_1/runme.log
[Tue Aug  7 12:33:22 2018] Launched synth_1...
Run output will be captured here: C:/Users/mloui/Documents/ROIC/edit_adc_ip/edit_adc_core_v1_0.runs/synth_1/runme.log
set_property -dict [list CONFIG.TDATA_NUM_BYTES {2}] [get_ips axis_data_fifo_0]
generate_target all [get_files  c:/Users/mloui/Documents/ROIC/edit_adc_ip/edit_adc_core_v1_0.srcs/sources_1/ip/axis_data_fifo_0/axis_data_fifo_0.xci]
INFO: [IP_Flow 19-1686] Generating 'Instantiation Template' target for IP 'axis_data_fifo_0'...
INFO: [IP_Flow 19-1686] Generating 'Synthesis' target for IP 'axis_data_fifo_0'...
INFO: [IP_Flow 19-1686] Generating 'Simulation' target for IP 'axis_data_fifo_0'...
INFO: [IP_Flow 19-1686] Generating 'Change Log' target for IP 'axis_data_fifo_0'...
catch { config_ip_cache -export [get_ips -all axis_data_fifo_0] }
export_ip_user_files -of_objects [get_files c:/Users/mloui/Documents/ROIC/edit_adc_ip/edit_adc_core_v1_0.srcs/sources_1/ip/axis_data_fifo_0/axis_data_fifo_0.xci] -no_script -sync -force -quiet
reset_run axis_data_fifo_0_synth_1
launch_runs -jobs 4 axis_data_fifo_0_synth_1
[Tue Aug  7 12:36:11 2018] Launched axis_data_fifo_0_synth_1...
Run output will be captured here: C:/Users/mloui/Documents/ROIC/edit_adc_ip/edit_adc_core_v1_0.runs/axis_data_fifo_0_synth_1/runme.log
export_simulation -of_objects [get_files c:/Users/mloui/Documents/ROIC/edit_adc_ip/edit_adc_core_v1_0.srcs/sources_1/ip/axis_data_fifo_0/axis_data_fifo_0.xci] -directory C:/Users/mloui/Documents/ROIC/edit_adc_ip/edit_adc_core_v1_0.ip_user_files/sim_scripts -ip_user_files_dir C:/Users/mloui/Documents/ROIC/edit_adc_ip/edit_adc_core_v1_0.ip_user_files -ipstatic_source_dir C:/Users/mloui/Documents/ROIC/edit_adc_ip/edit_adc_core_v1_0.ip_user_files/ipstatic -lib_map_path [list {modelsim=C:/Users/mloui/Documents/ROIC/edit_adc_ip/edit_adc_core_v1_0.cache/compile_simlib/modelsim} {questa=C:/Users/mloui/Documents/ROIC/edit_adc_ip/edit_adc_core_v1_0.cache/compile_simlib/questa} {riviera=C:/Users/mloui/Documents/ROIC/edit_adc_ip/edit_adc_core_v1_0.cache/compile_simlib/riviera} {activehdl=C:/Users/mloui/Documents/ROIC/edit_adc_ip/edit_adc_core_v1_0.cache/compile_simlib/activehdl}] -use_ip_compiled_libs -force -quiet
reset_run synth_1
WARNING: [Vivado 12-1017] Problems encountered:
1. Failed to delete one or more files in run directory C:/Users/mloui/Documents/ROIC/edit_adc_ip/edit_adc_core_v1_0.runs/synth_1

launch_runs synth_1 -jobs 4
[Tue Aug  7 12:36:43 2018] Launched axis_data_fifo_0_synth_1...
Run output will be captured here: C:/Users/mloui/Documents/ROIC/edit_adc_ip/edit_adc_core_v1_0.runs/axis_data_fifo_0_synth_1/runme.log
[Tue Aug  7 12:36:44 2018] Launched synth_1...
Run output will be captured here: C:/Users/mloui/Documents/ROIC/edit_adc_ip/edit_adc_core_v1_0.runs/synth_1/runme.log
ipx::open_ipxact_file C:/Users/mloui/Documents/ROIC/ip_repo/adc_core_1.0/component.xml
WARNING: [IP_Flow 19-3833] Unreferenced file from the top module is not packaged: 'C:/Users/mloui/Documents/ROIC/ip_repo/adc_core_1.0/src/FIFO.vhd'.
ipx::merge_project_changes hdl_parameters [ipx::current_core]
ipx::merge_project_changes hdl_parameters [ipx::current_core]
set_property core_revision 3 [ipx::current_core]
ipx::create_xgui_files [ipx::current_core]
ipx::update_checksums [ipx::current_core]
ipx::save_core [ipx::current_core]
update_ip_catalog -rebuild -repo_path c:/Users/mloui/Documents/ROIC/ip_repo/adc_core_1.0
INFO: [IP_Flow 19-725] Reloaded user IP repository 'c:/Users/mloui/Documents/ROIC/ip_repo/adc_core_1.0'
exit
INFO: [Common 17-206] Exiting Vivado at Tue Aug  7 12:44:38 2018...
