#-----------------------------------------------------------
# Vivado v2017.4 (64-bit)
# SW Build 2086221 on Fri Dec 15 20:55:39 MST 2017
# IP Build 2085800 on Fri Dec 15 22:25:07 MST 2017
# Start of session at: Tue Aug  7 09:58:22 2018
# Process ID: 13724
# Current directory: C:/Users/mloui/Documents/ROIC/ip_repo
# Command line: vivado.exe -gui_launcher_event rodinguilauncherevent11612 C:\Users\mloui\Documents\ROIC\ip_repo\edit_adc_core_v1_0.xpr
# Log file: C:/Users/mloui/Documents/ROIC/ip_repo/vivado.log
# Journal file: C:/Users/mloui/Documents/ROIC/ip_repo\vivado.jou
#-----------------------------------------------------------
start_gui
open_project C:/Users/mloui/Documents/ROIC/ip_repo/edit_adc_core_v1_0.xpr
Scanning sources...
Finished scanning sources
WARNING: [filemgmt 56-3] IP Repository Path: Could not find the directory 'C:/Users/mloui/Documents/ROIC/ip_repo/myip_1.0'.
INFO: [IP_Flow 19-234] Refreshing IP repositories
INFO: [IP_Flow 19-1700] Loaded user IP repository 'c:/Users/mloui/Documents/ROIC/ip_repo/adc_core_1.0'.
WARNING: [IP_Flow 19-2207] Repository 'c:/Users/mloui/Documents/ROIC/ip_repo/adc_core_1.0' already exists; ignoring attempt to add it again.
INFO: [IP_Flow 19-1700] Loaded user IP repository 'c:/Users/mloui/Documents/ROIC/ip_repo/adc_core_1.0'.
WARNING: [IP_Flow 19-2207] Repository 'c:/Users/mloui/Documents/ROIC/ip_repo/adc_core_1.0' already exists; ignoring attempt to add it again.
INFO: [IP_Flow 19-1700] Loaded user IP repository 'c:/Users/mloui/Documents/ROIC/ip_repo/adc_core_1.0'.
WARNING: [IP_Flow 19-2207] Repository 'c:/Users/mloui/Documents/ROIC/ip_repo/adc_core_1.0' already exists; ignoring attempt to add it again.
INFO: [IP_Flow 19-1700] Loaded user IP repository 'c:/Users/mloui/Documents/ROIC/ip_repo/adc_core_1.0'.
WARNING: [IP_Flow 19-2207] Repository 'c:/Users/mloui/Documents/ROIC/ip_repo/adc_core_1.0' already exists; ignoring attempt to add it again.
INFO: [IP_Flow 19-1700] Loaded user IP repository 'c:/Users/mloui/Documents/ROIC/ip_repo/adc_core_1.0'.
WARNING: [IP_Flow 19-2248] Failed to load user IP repository 'c:/Users/mloui/Documents/ROIC/ip_repo/myip_1.0'; Can't find the specified path.
If this directory should no longer be in your list of user repositories, go to the IP Settings dialog and remove it.
INFO: [IP_Flow 19-2313] Loaded Vivado IP repository 'C:/XilinxV/Vivado/2017.4/data/ip'.
open_project: Time (s): cpu = 00:00:14 ; elapsed = 00:00:08 . Memory (MB): peak = 854.406 ; gain = 155.996
update_compile_order -fileset sources_1
reset_run synth_1
launch_runs synth_1 -jobs 4
[Tue Aug  7 10:02:30 2018] Launched synth_1...
Run output will be captured here: C:/Users/mloui/Documents/ROIC/ip_repo/edit_adc_core_v1_0.runs/synth_1/runme.log
reset_run synth_1
launch_runs synth_1 -jobs 4
[Tue Aug  7 10:37:40 2018] Launched synth_1...
Run output will be captured here: C:/Users/mloui/Documents/ROIC/ip_repo/edit_adc_core_v1_0.runs/synth_1/runme.log
reset_run synth_1
launch_runs synth_1 -jobs 4
[Tue Aug  7 10:39:08 2018] Launched synth_1...
Run output will be captured here: C:/Users/mloui/Documents/ROIC/ip_repo/edit_adc_core_v1_0.runs/synth_1/runme.log
reset_run synth_1
launch_runs synth_1 -jobs 4
[Tue Aug  7 10:42:11 2018] Launched synth_1...
Run output will be captured here: C:/Users/mloui/Documents/ROIC/ip_repo/edit_adc_core_v1_0.runs/synth_1/runme.log
reset_run synth_1
launch_runs synth_1 -jobs 4
[Tue Aug  7 10:43:26 2018] Launched synth_1...
Run output will be captured here: C:/Users/mloui/Documents/ROIC/ip_repo/edit_adc_core_v1_0.runs/synth_1/runme.log
ipx::open_ipxact_file C:/Users/mloui/Documents/ROIC/ip_repo/adc_core_1.0/component.xml
WARNING: [IP_Flow 19-3833] Unreferenced file from the top module is not packaged: 'C:/Users/mloui/Documents/ROIC/ip_repo/adc_core_1.0/src/FIFO.vhd'.
WARNING: [IP_Flow 19-4308] Project file 'src/adc_interface.vhd' is not found in the component files. It will be added automatically when merging sources and repackaging. Please remove the file from the source project if this is not desired.
WARNING: [IP_Flow 19-4308] Project file 'src/Data_Collector.vhd' is not found in the component files. It will be added automatically when merging sources and repackaging. Please remove the file from the source project if this is not desired.
WARNING: [IP_Flow 19-4308] Project file 'src/adc_interface.vhd' is not found in the component files. It will be added automatically when merging sources and repackaging. Please remove the file from the source project if this is not desired.
WARNING: [IP_Flow 19-4308] Project file 'src/Data_Collector.vhd' is not found in the component files. It will be added automatically when merging sources and repackaging. Please remove the file from the source project if this is not desired.
ipx::merge_project_changes files [ipx::current_core]
WARNING: [IP_Flow 19-3833] Unreferenced file from the top module is not packaged: 'C:/Users/mloui/Documents/ROIC/ip_repo/adc_core_1.0/src/FIFO.vhd'.
ipx::merge_project_changes hdl_parameters [ipx::current_core]
set_property core_revision 2 [ipx::current_core]
ipx::create_xgui_files [ipx::current_core]
ipx::update_checksums [ipx::current_core]
ipx::save_core [ipx::current_core]
update_ip_catalog -rebuild -repo_path c:/Users/mloui/Documents/ROIC/ip_repo/adc_core_1.0
INFO: [IP_Flow 19-725] Reloaded user IP repository 'c:/Users/mloui/Documents/ROIC/ip_repo/adc_core_1.0'
