#-----------------------------------------------------------
# Vivado v2017.4 (64-bit)
# SW Build 2086221 on Fri Dec 15 20:55:39 MST 2017
# IP Build 2085800 on Fri Dec 15 22:25:07 MST 2017
# Start of session at: Tue Aug  7 12:49:19 2018
# Process ID: 18448
# Current directory: C:/Users/mloui/Documents/ROIC/edit_adc_ip
# Command line: vivado.exe -gui_launcher_event rodinguilauncherevent13112 C:\Users\mloui\Documents\ROIC\edit_adc_ip\edit_adc_core_v1_0.xpr
# Log file: C:/Users/mloui/Documents/ROIC/edit_adc_ip/vivado.log
# Journal file: C:/Users/mloui/Documents/ROIC/edit_adc_ip\vivado.jou
#-----------------------------------------------------------
start_gui
open_project C:/Users/mloui/Documents/ROIC/edit_adc_ip/edit_adc_core_v1_0.xpr
Scanning sources...
Finished scanning sources
WARNING: [filemgmt 56-3] IP Repository Path: Could not find the directory 'C:/Users/mloui/Documents/ROIC/edit_adc_ip/myip_1.0'.
INFO: [IP_Flow 19-234] Refreshing IP repositories
INFO: [IP_Flow 19-1700] Loaded user IP repository 'c:/Users/mloui/Documents/ROIC/ip_repo/adc_core_1.0'.
WARNING: [IP_Flow 19-2207] Repository 'c:/Users/mloui/Documents/ROIC/ip_repo/adc_core_1.0' already exists; ignoring attempt to add it again.
INFO: [IP_Flow 19-1700] Loaded user IP repository 'c:/Users/mloui/Documents/ROIC/ip_repo/adc_core_1.0'.
WARNING: [IP_Flow 19-2207] Repository 'c:/Users/mloui/Documents/ROIC/ip_repo/adc_core_1.0' already exists; ignoring attempt to add it again.
INFO: [IP_Flow 19-1700] Loaded user IP repository 'c:/Users/mloui/Documents/ROIC/ip_repo/adc_core_1.0'.
WARNING: [IP_Flow 19-2207] Repository 'c:/Users/mloui/Documents/ROIC/ip_repo/adc_core_1.0' already exists; ignoring attempt to add it again.
INFO: [IP_Flow 19-1700] Loaded user IP repository 'c:/Users/mloui/Documents/ROIC/ip_repo/adc_core_1.0'.
WARNING: [IP_Flow 19-2207] Repository 'c:/Users/mloui/Documents/ROIC/ip_repo/adc_core_1.0' already exists; ignoring attempt to add it again.
INFO: [IP_Flow 19-1700] Loaded user IP repository 'c:/Users/mloui/Documents/ROIC/ip_repo/adc_core_1.0'.
WARNING: [IP_Flow 19-2248] Failed to load user IP repository 'c:/Users/mloui/Documents/ROIC/edit_adc_ip/myip_1.0'; Can't find the specified path.
If this directory should no longer be in your list of user repositories, go to the IP Settings dialog and remove it.
INFO: [IP_Flow 19-2313] Loaded Vivado IP repository 'C:/XilinxV/Vivado/2017.4/data/ip'.
open_project: Time (s): cpu = 00:00:15 ; elapsed = 00:00:08 . Memory (MB): peak = 851.609 ; gain = 155.875
update_compile_order -fileset sources_1
update_compile_order -fileset sources_1
exit
INFO: [Common 17-206] Exiting Vivado at Tue Aug  7 13:31:29 2018...
