Copyright 1986-2017 Xilinx, Inc. All Rights Reserved.
------------------------------------------------------------------------------------
| Tool Version : Vivado v.2017.4 (win64) Build 2086221 Fri Dec 15 20:55:39 MST 2017
| Date         : Mon Jul 16 15:33:39 2018
| Host         : GSSLW17031962 running 64-bit major release  (build 9200)
| Command      : upgrade_ip
| Device       : xcku040-ffva1156-2-e
------------------------------------------------------------------------------------

Upgrade Log for IP 'design_1_pwm_sim1_0_0'

1. Summary
----------

CAUTION (success, with warnings) in the upgrade of design_1_pwm_sim1_0_0 (nasa.gov:user:pwm:1.0) from (Rev. 2) to (Rev. 3)

After upgrade, an IP may have parameter and port differences compared to the original customization. Please review the parameters within the IP customization GUI to ensure proper functionality. Also, please review the updated IP instantiation template to ensure proper connectivity, and update your design if required.

2. Connection Warnings
----------------------

Detected external port differences while upgrading 'design_1_pwm_sim1_0_0'. These changes may impact your design.


-Upgrade has added port 'duty_cycle_i'







Copyright 1986-2017 Xilinx, Inc. All Rights Reserved.
------------------------------------------------------------------------------------
| Tool Version : Vivado v.2017.4 (win64) Build 2086221 Fri Dec 15 20:55:39 MST 2017
| Date         : Thu Jul 12 16:46:25 2018
| Host         : GSSLW17031962 running 64-bit major release  (build 9200)
| Command      : upgrade_ip
| Device       : xcku040-ffva1156-2-e
------------------------------------------------------------------------------------

Upgrade Log for IP 'design_1_pwm_sim1_0_0'

1. Summary
----------

SUCCESS in the upgrade of design_1_pwm_sim1_0_0 (nasa.gov:user:pwm:1.0) from (Rev. 1) to (Rev. 2)

