#-----------------------------------------------------------
# Vivado v2017.4 (64-bit)
# SW Build 2086221 on Fri Dec 15 20:55:39 MST 2017
# IP Build 2085800 on Fri Dec 15 22:25:07 MST 2017
# Start of session at: Fri Aug  3 10:55:27 2018
# Process ID: 1956
# Current directory: C:/Users/mloui/Documents/ROIC/data_collector_adc_fifo
# Command line: vivado.exe -gui_launcher_event rodinguilauncherevent13664 C:\Users\mloui\Documents\ROIC\data_collector_adc_fifo\adc.xpr
# Log file: C:/Users/mloui/Documents/ROIC/data_collector_adc_fifo/vivado.log
# Journal file: C:/Users/mloui/Documents/ROIC/data_collector_adc_fifo\vivado.jou
#-----------------------------------------------------------
start_gui
open_project C:/Users/mloui/Documents/ROIC/data_collector_adc_fifo/adc.xpr
Scanning sources...
Finished scanning sources
WARNING: [filemgmt 56-3] IP Repository Path: Could not find the directory 'C:/Users/mloui/Documents/ROIC/ip_repo/adc_core_1.0'.
WARNING: [filemgmt 56-3] IP Repository Path: Could not find the directory 'C:/Users/mloui/Documents/ROIC/ip_repo/adc_core_1.0'.
WARNING: [filemgmt 56-3] IP Repository Path: Could not find the directory 'C:/Users/mloui/Documents/ROIC/ip_repo/adc_core_1.0'.
WARNING: [filemgmt 56-3] IP Repository Path: Could not find the directory 'C:/Users/mloui/Documents/ROIC/ip_repo/myip_1.0'.
INFO: [IP_Flow 19-234] Refreshing IP repositories
WARNING: [IP_Flow 19-2248] Failed to load user IP repository 'c:/Users/mloui/Documents/ROIC/ip_repo/adc_core_1.0'; Can't find the specified path.
If this directory should no longer be in your list of user repositories, go to the IP Settings dialog and remove it.
WARNING: [IP_Flow 19-2207] Repository 'c:/Users/mloui/Documents/ROIC/ip_repo/adc_core_1.0' already exists; ignoring attempt to add it again.
WARNING: [IP_Flow 19-2248] Failed to load user IP repository 'c:/Users/mloui/Documents/ROIC/ip_repo/adc_core_1.0'; Can't find the specified path.
If this directory should no longer be in your list of user repositories, go to the IP Settings dialog and remove it.
WARNING: [IP_Flow 19-2207] Repository 'c:/Users/mloui/Documents/ROIC/ip_repo/adc_core_1.0' already exists; ignoring attempt to add it again.
WARNING: [IP_Flow 19-2248] Failed to load user IP repository 'c:/Users/mloui/Documents/ROIC/ip_repo/adc_core_1.0'; Can't find the specified path.
If this directory should no longer be in your list of user repositories, go to the IP Settings dialog and remove it.
WARNING: [IP_Flow 19-2248] Failed to load user IP repository 'c:/Users/mloui/Documents/ROIC/ip_repo/myip_1.0'; Can't find the specified path.
If this directory should no longer be in your list of user repositories, go to the IP Settings dialog and remove it.
INFO: [IP_Flow 19-2313] Loaded Vivado IP repository 'C:/XilinxV/Vivado/2017.4/data/ip'.
open_project: Time (s): cpu = 00:00:14 ; elapsed = 00:00:08 . Memory (MB): peak = 857.332 ; gain = 157.355
update_compile_order -fileset sources_1
set_property target_language VHDL [current_project]
create_peripheral nasa.gov user adc_core 1.0 -dir C:/Users/mloui/Documents/ROIC/data_collector_adc_fifo/../ip_repo
add_peripheral_interface S00_AXI -interface_mode slave -axi_type lite [ipx::find_open_core nasa.gov:user:adc_core:1.0]
generate_peripheral -driver -bfm_example_design -debug_hw_example_design [ipx::find_open_core nasa.gov:user:adc_core:1.0]
write_peripheral [ipx::find_open_core nasa.gov:user:adc_core:1.0]
set_property  ip_repo_paths  {C:/Users/mloui/Documents/ROIC/data_collector_adc_fifo/../ip_repo/adc_core_1.0 C:/Users/mloui/Documents/ROIC/ip_repo/adc_core_1.0 C:/Users/mloui/Documents/ROIC/ip_repo/adc_core_1.0 C:/Users/mloui/Documents/ROIC/ip_repo/adc_core_1.0 C:/Users/mloui/Documents/ROIC/ip_repo/myip_1.0} [current_project]
update_ip_catalog -rebuild
INFO: [IP_Flow 19-234] Refreshing IP repositories
INFO: [IP_Flow 19-1700] Loaded user IP repository 'c:/Users/mloui/Documents/ROIC/ip_repo/adc_core_1.0'.
WARNING: [IP_Flow 19-2207] Repository 'c:/Users/mloui/Documents/ROIC/ip_repo/adc_core_1.0' already exists; ignoring attempt to add it again.
INFO: [IP_Flow 19-1700] Loaded user IP repository 'c:/Users/mloui/Documents/ROIC/ip_repo/adc_core_1.0'.
WARNING: [IP_Flow 19-2207] Repository 'c:/Users/mloui/Documents/ROIC/ip_repo/adc_core_1.0' already exists; ignoring attempt to add it again.
INFO: [IP_Flow 19-1700] Loaded user IP repository 'c:/Users/mloui/Documents/ROIC/ip_repo/adc_core_1.0'.
WARNING: [IP_Flow 19-2207] Repository 'c:/Users/mloui/Documents/ROIC/ip_repo/adc_core_1.0' already exists; ignoring attempt to add it again.
INFO: [IP_Flow 19-1700] Loaded user IP repository 'c:/Users/mloui/Documents/ROIC/ip_repo/adc_core_1.0'.
WARNING: [IP_Flow 19-2248] Failed to load user IP repository 'c:/Users/mloui/Documents/ROIC/ip_repo/myip_1.0'; Can't find the specified path.
If this directory should no longer be in your list of user repositories, go to the IP Settings dialog and remove it.
ipx::edit_ip_in_project -upgrade true -name edit_adc_core_v1_0 -directory C:/Users/mloui/Documents/ROIC/data_collector_adc_fifo/../ip_repo c:/Users/mloui/Documents/ROIC/ip_repo/adc_core_1.0/component.xml
INFO: [IP_Flow 19-234] Refreshing IP repositories
INFO: [IP_Flow 19-1704] No user IP repositories specified
INFO: [IP_Flow 19-2313] Loaded Vivado IP repository 'C:/XilinxV/Vivado/2017.4/data/ip'.
INFO: [IP_Flow 19-234] Refreshing IP repositories
INFO: [IP_Flow 19-1700] Loaded user IP repository 'c:/Users/mloui/Documents/ROIC/ip_repo/adc_core_1.0'.
WARNING: [IP_Flow 19-2207] Repository 'c:/Users/mloui/Documents/ROIC/ip_repo/adc_core_1.0' already exists; ignoring attempt to add it again.
INFO: [IP_Flow 19-1700] Loaded user IP repository 'c:/Users/mloui/Documents/ROIC/ip_repo/adc_core_1.0'.
WARNING: [IP_Flow 19-2207] Repository 'c:/Users/mloui/Documents/ROIC/ip_repo/adc_core_1.0' already exists; ignoring attempt to add it again.
INFO: [IP_Flow 19-1700] Loaded user IP repository 'c:/Users/mloui/Documents/ROIC/ip_repo/adc_core_1.0'.
WARNING: [IP_Flow 19-2207] Repository 'c:/Users/mloui/Documents/ROIC/ip_repo/adc_core_1.0' already exists; ignoring attempt to add it again.
INFO: [IP_Flow 19-1700] Loaded user IP repository 'c:/Users/mloui/Documents/ROIC/ip_repo/adc_core_1.0'.
WARNING: [IP_Flow 19-2248] Failed to load user IP repository 'c:/Users/mloui/Documents/ROIC/ip_repo/myip_1.0'; Can't find the specified path.
If this directory should no longer be in your list of user repositories, go to the IP Settings dialog and remove it.
INFO: [IP_Flow 19-795] Syncing license key meta-data
update_compile_order -fileset sources_1
current_project adc
export_ip_user_files -of_objects  [get_files C:/Users/mloui/Documents/ROIC/data_collector_adc_fifo/adc.srcs/sources_1/bd/design_1/design_1.bd] -no_script -reset -force -quiet
remove_files  C:/Users/mloui/Documents/ROIC/data_collector_adc_fifo/adc.srcs/sources_1/bd/design_1/design_1.bd
file delete -force C:/Users/mloui/Documents/ROIC/data_collector_adc_fifo/adc.srcs/sources_1/bd/design_1
current_project edit_adc_core_v1_0
add_files -norecurse -copy_to c:/Users/mloui/Documents/ROIC/ip_repo/adc_core_1.0/src {C:/Users/mloui/Documents/ROIC/ip_repo/adc_core_1.0/hdl/Data_Collector.vhd C:/Users/mloui/Documents/ROIC/ip_repo/adc_core_1.0/hdl/adc_interface.vhd C:/Users/mloui/Documents/ROIC/ip_repo/adc_core_1.0/hdl/FIFO.vhd}
update_compile_order -fileset sources_1
current_project adc
current_project edit_adc_core_v1_0
close_project
reset_run synth_1
launch_runs synth_1 -jobs 4
[Mon Aug  6 09:41:22 2018] Launched synth_1...
Run output will be captured here: C:/Users/mloui/Documents/ROIC/data_collector_adc_fifo/adc.runs/synth_1/runme.log
open_run synth_1 -name synth_1
Design is defaulting to impl run constrset: constrs_1
Design is defaulting to synth run part: xcku040-ffva1156-2-e
INFO: [Project 1-454] Reading design checkpoint 'c:/Users/mloui/Documents/ROIC/data_collector_adc_fifo/adc.srcs/sources_1/ip/axis_data_fifo_0/axis_data_fifo_0.dcp' for cell 'FIFO_i'
INFO: [Netlist 29-17] Analyzing 29 Unisim elements for replacement
INFO: [Netlist 29-28] Unisim Transformation completed in 0 CPU seconds
INFO: [Project 1-479] Netlist was created with Vivado 2017.4
INFO: [Device 21-403] Loading part xcku040-ffva1156-2-e
INFO: [Project 1-570] Preparing netlist for logic optimization
Parsing XDC File [c:/Users/mloui/Documents/ROIC/data_collector_adc_fifo/adc.srcs/sources_1/ip/axis_data_fifo_0/axis_data_fifo_0/axis_data_fifo_0.xdc] for cell 'FIFO_i/inst'
Finished Parsing XDC File [c:/Users/mloui/Documents/ROIC/data_collector_adc_fifo/adc.srcs/sources_1/ip/axis_data_fifo_0/axis_data_fifo_0/axis_data_fifo_0.xdc] for cell 'FIFO_i/inst'
Parsing XDC File [C:/Users/mloui/Documents/ROIC/data_collector_adc_fifo/adc.srcs/constrs_1/new/pin.xdc]
Finished Parsing XDC File [C:/Users/mloui/Documents/ROIC/data_collector_adc_fifo/adc.srcs/constrs_1/new/pin.xdc]
INFO: [Project 1-538] Using original IP XDC constraints instead of the XDC constraints in dcp 'c:/Users/mloui/Documents/ROIC/data_collector_adc_fifo/adc.srcs/sources_1/ip/axis_data_fifo_0/axis_data_fifo_0.dcp'
Parsing XDC File [c:/Users/mloui/Documents/ROIC/data_collector_adc_fifo/adc.srcs/sources_1/ip/axis_data_fifo_0/axis_data_fifo_0/axis_data_fifo_0_clocks.xdc] for cell 'FIFO_i/inst'
Finished Parsing XDC File [c:/Users/mloui/Documents/ROIC/data_collector_adc_fifo/adc.srcs/sources_1/ip/axis_data_fifo_0/axis_data_fifo_0/axis_data_fifo_0_clocks.xdc] for cell 'FIFO_i/inst'
Sourcing Tcl File [C:/XilinxV/Vivado/2017.4/data/ip/xpm/xpm_cdc/tcl/xpm_cdc_gray.tcl] for cell 'FIFO_i/inst/gen_fifo_generator.fifo_generator_inst/inst_fifo_gen/gaxis_fifo.gaxisf.axisf/grf.rf/gntv_or_sync_fifo.gcx.clkx/rd_pntr_cdc_inst'
Finished Sourcing Tcl File [C:/XilinxV/Vivado/2017.4/data/ip/xpm/xpm_cdc/tcl/xpm_cdc_gray.tcl] for cell 'FIFO_i/inst/gen_fifo_generator.fifo_generator_inst/inst_fifo_gen/gaxis_fifo.gaxisf.axisf/grf.rf/gntv_or_sync_fifo.gcx.clkx/rd_pntr_cdc_inst'
Sourcing Tcl File [C:/XilinxV/Vivado/2017.4/data/ip/xpm/xpm_cdc/tcl/xpm_cdc_gray.tcl] for cell 'FIFO_i/inst/gen_fifo_generator.fifo_generator_inst/inst_fifo_gen/gaxis_fifo.gaxisf.axisf/grf.rf/gntv_or_sync_fifo.gcx.clkx/wr_pntr_cdc_inst'
Finished Sourcing Tcl File [C:/XilinxV/Vivado/2017.4/data/ip/xpm/xpm_cdc/tcl/xpm_cdc_gray.tcl] for cell 'FIFO_i/inst/gen_fifo_generator.fifo_generator_inst/inst_fifo_gen/gaxis_fifo.gaxisf.axisf/grf.rf/gntv_or_sync_fifo.gcx.clkx/wr_pntr_cdc_inst'
Sourcing Tcl File [C:/XilinxV/Vivado/2017.4/data/ip/xpm/xpm_cdc/tcl/xpm_cdc_single.tcl] for cell 'FIFO_i/inst/gen_fifo_generator.fifo_generator_inst/inst_fifo_gen/gaxis_fifo.gaxisf.axisf/grf.rf/rstblk/ngwrdrst.grst.g7serrst.gsckt_wrst.gic_rst.xpm_cdc_single_inst_rrst_wr'
Finished Sourcing Tcl File [C:/XilinxV/Vivado/2017.4/data/ip/xpm/xpm_cdc/tcl/xpm_cdc_single.tcl] for cell 'FIFO_i/inst/gen_fifo_generator.fifo_generator_inst/inst_fifo_gen/gaxis_fifo.gaxisf.axisf/grf.rf/rstblk/ngwrdrst.grst.g7serrst.gsckt_wrst.gic_rst.xpm_cdc_single_inst_rrst_wr'
Sourcing Tcl File [C:/XilinxV/Vivado/2017.4/data/ip/xpm/xpm_cdc/tcl/xpm_cdc_single.tcl] for cell 'FIFO_i/inst/gen_fifo_generator.fifo_generator_inst/inst_fifo_gen/gaxis_fifo.gaxisf.axisf/grf.rf/rstblk/ngwrdrst.grst.g7serrst.gsckt_wrst.gic_rst.xpm_cdc_single_inst_wrst_rd'
Finished Sourcing Tcl File [C:/XilinxV/Vivado/2017.4/data/ip/xpm/xpm_cdc/tcl/xpm_cdc_single.tcl] for cell 'FIFO_i/inst/gen_fifo_generator.fifo_generator_inst/inst_fifo_gen/gaxis_fifo.gaxisf.axisf/grf.rf/rstblk/ngwrdrst.grst.g7serrst.gsckt_wrst.gic_rst.xpm_cdc_single_inst_wrst_rd'
Sourcing Tcl File [C:/XilinxV/Vivado/2017.4/data/ip/xpm/xpm_cdc/tcl/xpm_cdc_sync_rst.tcl] for cell 'FIFO_i/inst/gen_async_clock_and_reset.inst_xpm_cdc_sync_rst'
Finished Sourcing Tcl File [C:/XilinxV/Vivado/2017.4/data/ip/xpm/xpm_cdc/tcl/xpm_cdc_sync_rst.tcl] for cell 'FIFO_i/inst/gen_async_clock_and_reset.inst_xpm_cdc_sync_rst'
Sourcing Tcl File [C:/XilinxV/Vivado/2017.4/data/ip/xpm/xpm_cdc/tcl/xpm_cdc_sync_rst.tcl] for cell 'FIFO_i/inst/gen_fifo_generator.fifo_generator_inst/inst_fifo_gen/gaxis_fifo.gaxisf.axisf/grf.rf/rstblk/ngwrdrst.grst.g7serrst.gsckt_wrst.gic_rst.xpm_cdc_sync_rst_inst_wrst'
Finished Sourcing Tcl File [C:/XilinxV/Vivado/2017.4/data/ip/xpm/xpm_cdc/tcl/xpm_cdc_sync_rst.tcl] for cell 'FIFO_i/inst/gen_fifo_generator.fifo_generator_inst/inst_fifo_gen/gaxis_fifo.gaxisf.axisf/grf.rf/rstblk/ngwrdrst.grst.g7serrst.gsckt_wrst.gic_rst.xpm_cdc_sync_rst_inst_wrst'
Sourcing Tcl File [C:/XilinxV/Vivado/2017.4/data/ip/xpm/xpm_cdc/tcl/xpm_cdc_sync_rst.tcl] for cell 'FIFO_i/inst/gen_fifo_generator.fifo_generator_inst/inst_fifo_gen/gaxis_fifo.gaxisf.axisf/grf.rf/rstblk/ngwrdrst.grst.g7serrst.gsckt_wrst.xpm_cdc_sync_rst_inst_wrst'
Finished Sourcing Tcl File [C:/XilinxV/Vivado/2017.4/data/ip/xpm/xpm_cdc/tcl/xpm_cdc_sync_rst.tcl] for cell 'FIFO_i/inst/gen_fifo_generator.fifo_generator_inst/inst_fifo_gen/gaxis_fifo.gaxisf.axisf/grf.rf/rstblk/ngwrdrst.grst.g7serrst.gsckt_wrst.xpm_cdc_sync_rst_inst_wrst'
INFO: [Opt 31-138] Pushed 0 inverter(s) to 0 load pin(s).
INFO: [Project 1-111] Unisim Transformation Summary:
  A total of 21 instances were transformed.
  IBUF => IBUF (IBUFCTRL, INBUF): 21 instances

open_run: Time (s): cpu = 00:00:34 ; elapsed = 00:00:23 . Memory (MB): peak = 1980.980 ; gain = 1022.352
close_design
create_peripheral nasa.gov user adc_core 1.0 -dir C:/Users/mloui/Documents/ROIC/data_collector_adc_fifo/../ip_repo
add_peripheral_interface S00_AXI -interface_mode slave -axi_type lite [ipx::find_open_core nasa.gov:user:adc_core:1.0]
generate_peripheral -driver -bfm_example_design -debug_hw_example_design [ipx::find_open_core nasa.gov:user:adc_core:1.0]
write_peripheral [ipx::find_open_core nasa.gov:user:adc_core:1.0]
set_property  ip_repo_paths  {C:/Users/mloui/Documents/ROIC/data_collector_adc_fifo/../ip_repo/adc_core_1.0 C:/Users/mloui/Documents/ROIC/ip_repo/adc_core_1.0 C:/Users/mloui/Documents/ROIC/ip_repo/adc_core_1.0 C:/Users/mloui/Documents/ROIC/ip_repo/adc_core_1.0 C:/Users/mloui/Documents/ROIC/ip_repo/adc_core_1.0 C:/Users/mloui/Documents/ROIC/ip_repo/myip_1.0} [current_project]
update_ip_catalog -rebuild
INFO: [IP_Flow 19-234] Refreshing IP repositories
INFO: [IP_Flow 19-1700] Loaded user IP repository 'c:/Users/mloui/Documents/ROIC/ip_repo/adc_core_1.0'.
WARNING: [IP_Flow 19-2207] Repository 'c:/Users/mloui/Documents/ROIC/ip_repo/adc_core_1.0' already exists; ignoring attempt to add it again.
INFO: [IP_Flow 19-1700] Loaded user IP repository 'c:/Users/mloui/Documents/ROIC/ip_repo/adc_core_1.0'.
WARNING: [IP_Flow 19-2207] Repository 'c:/Users/mloui/Documents/ROIC/ip_repo/adc_core_1.0' already exists; ignoring attempt to add it again.
INFO: [IP_Flow 19-1700] Loaded user IP repository 'c:/Users/mloui/Documents/ROIC/ip_repo/adc_core_1.0'.
WARNING: [IP_Flow 19-2207] Repository 'c:/Users/mloui/Documents/ROIC/ip_repo/adc_core_1.0' already exists; ignoring attempt to add it again.
INFO: [IP_Flow 19-1700] Loaded user IP repository 'c:/Users/mloui/Documents/ROIC/ip_repo/adc_core_1.0'.
WARNING: [IP_Flow 19-2207] Repository 'c:/Users/mloui/Documents/ROIC/ip_repo/adc_core_1.0' already exists; ignoring attempt to add it again.
INFO: [IP_Flow 19-1700] Loaded user IP repository 'c:/Users/mloui/Documents/ROIC/ip_repo/adc_core_1.0'.
WARNING: [IP_Flow 19-2248] Failed to load user IP repository 'c:/Users/mloui/Documents/ROIC/ip_repo/myip_1.0'; Can't find the specified path.
If this directory should no longer be in your list of user repositories, go to the IP Settings dialog and remove it.
ipx::edit_ip_in_project -upgrade true -name edit_adc_core_v1_0 -directory C:/Users/mloui/Documents/ROIC/data_collector_adc_fifo/../ip_repo c:/Users/mloui/Documents/ROIC/ip_repo/adc_core_1.0/component.xml
INFO: [IP_Flow 19-234] Refreshing IP repositories
INFO: [IP_Flow 19-1704] No user IP repositories specified
INFO: [IP_Flow 19-2313] Loaded Vivado IP repository 'C:/XilinxV/Vivado/2017.4/data/ip'.
INFO: [IP_Flow 19-234] Refreshing IP repositories
INFO: [IP_Flow 19-1700] Loaded user IP repository 'c:/Users/mloui/Documents/ROIC/ip_repo/adc_core_1.0'.
WARNING: [IP_Flow 19-2207] Repository 'c:/Users/mloui/Documents/ROIC/ip_repo/adc_core_1.0' already exists; ignoring attempt to add it again.
INFO: [IP_Flow 19-1700] Loaded user IP repository 'c:/Users/mloui/Documents/ROIC/ip_repo/adc_core_1.0'.
WARNING: [IP_Flow 19-2207] Repository 'c:/Users/mloui/Documents/ROIC/ip_repo/adc_core_1.0' already exists; ignoring attempt to add it again.
INFO: [IP_Flow 19-1700] Loaded user IP repository 'c:/Users/mloui/Documents/ROIC/ip_repo/adc_core_1.0'.
WARNING: [IP_Flow 19-2207] Repository 'c:/Users/mloui/Documents/ROIC/ip_repo/adc_core_1.0' already exists; ignoring attempt to add it again.
INFO: [IP_Flow 19-1700] Loaded user IP repository 'c:/Users/mloui/Documents/ROIC/ip_repo/adc_core_1.0'.
WARNING: [IP_Flow 19-2207] Repository 'c:/Users/mloui/Documents/ROIC/ip_repo/adc_core_1.0' already exists; ignoring attempt to add it again.
INFO: [IP_Flow 19-1700] Loaded user IP repository 'c:/Users/mloui/Documents/ROIC/ip_repo/adc_core_1.0'.
WARNING: [IP_Flow 19-2248] Failed to load user IP repository 'c:/Users/mloui/Documents/ROIC/ip_repo/myip_1.0'; Can't find the specified path.
If this directory should no longer be in your list of user repositories, go to the IP Settings dialog and remove it.
INFO: [IP_Flow 19-795] Syncing license key meta-data
update_compile_order -fileset sources_1
add_files -norecurse -copy_to c:/Users/mloui/Documents/ROIC/ip_repo/adc_core_1.0/src {C:/Users/mloui/Documents/ROIC/data_collector_adc_fifo/adc.srcs/sources_1/new/FIFO.vhd C:/Users/mloui/Documents/ROIC/data_collector_adc_fifo/adc.srcs/sources_1/new/adc_interface.vhd C:/Users/mloui/Documents/ROIC/data_collector_adc_fifo/adc.srcs/sources_1/new/Data_Collector.vhd}
update_compile_order -fileset sources_1
current_project adc
current_project edit_adc_core_v1_0
create_ip -name axis_data_fifo -vendor xilinx.com -library ip -version 1.1 -module_name axis_data_fifo_0 -dir c:/Users/mloui/Documents/ROIC/ip_repo/adc_core_1.0/src
generate_target {instantiation_template} [get_files c:/Users/mloui/Documents/ROIC/ip_repo/adc_core_1.0/src/axis_data_fifo_0/axis_data_fifo_0.xci]
INFO: [IP_Flow 19-1686] Generating 'Instantiation Template' target for IP 'axis_data_fifo_0'...
generate_target all [get_files  c:/Users/mloui/Documents/ROIC/ip_repo/adc_core_1.0/src/axis_data_fifo_0/axis_data_fifo_0.xci]
INFO: [IP_Flow 19-1686] Generating 'Synthesis' target for IP 'axis_data_fifo_0'...
INFO: [IP_Flow 19-1686] Generating 'Simulation' target for IP 'axis_data_fifo_0'...
INFO: [IP_Flow 19-1686] Generating 'Change Log' target for IP 'axis_data_fifo_0'...
catch { config_ip_cache -export [get_ips -all axis_data_fifo_0] }
export_ip_user_files -of_objects [get_files c:/Users/mloui/Documents/ROIC/ip_repo/adc_core_1.0/src/axis_data_fifo_0/axis_data_fifo_0.xci] -no_script -sync -force -quiet
create_ip_run [get_files -of_objects [get_fileset sources_1] c:/Users/mloui/Documents/ROIC/ip_repo/adc_core_1.0/src/axis_data_fifo_0/axis_data_fifo_0.xci]
launch_runs -jobs 4 axis_data_fifo_0_synth_1
[Tue Aug  7 09:00:52 2018] Launched axis_data_fifo_0_synth_1...
Run output will be captured here: c:/users/mloui/documents/roic/ip_repo/edit_adc_core_v1_0.runs/axis_data_fifo_0_synth_1/runme.log
export_simulation -of_objects [get_files c:/Users/mloui/Documents/ROIC/ip_repo/adc_core_1.0/src/axis_data_fifo_0/axis_data_fifo_0.xci] -directory c:/users/mloui/documents/roic/ip_repo/edit_adc_core_v1_0.ip_user_files/sim_scripts -ip_user_files_dir c:/users/mloui/documents/roic/ip_repo/edit_adc_core_v1_0.ip_user_files -ipstatic_source_dir c:/users/mloui/documents/roic/ip_repo/edit_adc_core_v1_0.ip_user_files/ipstatic -lib_map_path [list {modelsim=c:/users/mloui/documents/roic/ip_repo/edit_adc_core_v1_0.cache/compile_simlib/modelsim} {questa=c:/users/mloui/documents/roic/ip_repo/edit_adc_core_v1_0.cache/compile_simlib/questa} {riviera=c:/users/mloui/documents/roic/ip_repo/edit_adc_core_v1_0.cache/compile_simlib/riviera} {activehdl=c:/users/mloui/documents/roic/ip_repo/edit_adc_core_v1_0.cache/compile_simlib/activehdl}] -use_ip_compiled_libs -force -quiet
update_compile_order -fileset sources_1
launch_runs synth_1 -jobs 4
[Tue Aug  7 09:26:03 2018] Launched synth_1...
Run output will be captured here: c:/users/mloui/documents/roic/ip_repo/edit_adc_core_v1_0.runs/synth_1/runme.log
reset_run synth_1
launch_runs synth_1 -jobs 4
[Tue Aug  7 09:27:45 2018] Launched synth_1...
Run output will be captured here: c:/users/mloui/documents/roic/ip_repo/edit_adc_core_v1_0.runs/synth_1/runme.log
reset_run synth_1
launch_runs synth_1 -jobs 4
[Tue Aug  7 09:45:50 2018] Launched synth_1...
Run output will be captured here: c:/users/mloui/documents/roic/ip_repo/edit_adc_core_v1_0.runs/synth_1/runme.log
set_property library adc_core [get_files  c:/Users/mloui/Documents/ROIC/ip_repo/adc_core_1.0/src/Data_Collector.vhd]
update_compile_order -fileset sources_1
set_property library adc_core [get_files  {c:/Users/mloui/Documents/ROIC/ip_repo/adc_core_1.0/hdl/adc_core_v1_0_S00_AXI.vhd c:/Users/mloui/Documents/ROIC/ip_repo/adc_core_1.0/hdl/adc_core_v1_0.vhd c:/Users/mloui/Documents/ROIC/ip_repo/adc_core_1.0/src/adc_interface.vhd}]
update_compile_order -fileset sources_1
set_property library adc_core [get_files  c:/Users/mloui/Documents/ROIC/ip_repo/adc_core_1.0/src/FIFO.vhd]
update_compile_order -fileset sources_1
update_compile_order -fileset sources_1
update_compile_order -fileset sources_1
reset_run synth_1
launch_runs synth_1 -jobs 4
[Tue Aug  7 09:55:56 2018] Launched synth_1...
Run output will be captured here: c:/users/mloui/documents/roic/ip_repo/edit_adc_core_v1_0.runs/synth_1/runme.log
close_project
INFO: [filemgmt 56-326] User Interrupt. Could not getCurrentGraph()
update_compile_order -fileset sources_1
update_compile_order -fileset sources_1
update_compile_order -fileset sources_1
update_compile_order -fileset sources_1
create_project data_collector C:/Users/mloui/Documents/ROIC/data_collector_adc_fifo/data_collector -part xc7vx485tffg1157-1
INFO: [IP_Flow 19-234] Refreshing IP repositories
INFO: [IP_Flow 19-1704] No user IP repositories specified
INFO: [IP_Flow 19-2313] Loaded Vivado IP repository 'C:/XilinxV/Vivado/2017.4/data/ip'.
set_property target_language VHDL [current_project]
file mkdir C:/Users/mloui/Documents/ROIC/data_collector_adc_fifo/data_collector/data_collector.srcs/sources_1/new
close [ open C:/Users/mloui/Documents/ROIC/data_collector_adc_fifo/data_collector/data_collector.srcs/sources_1/new/Data_Collector.vhd w ]
add_files C:/Users/mloui/Documents/ROIC/data_collector_adc_fifo/data_collector/data_collector.srcs/sources_1/new/Data_Collector.vhd
update_compile_order -fileset sources_1
close [ open C:/Users/mloui/Documents/ROIC/data_collector_adc_fifo/data_collector/data_collector.srcs/sources_1/new/adc_interface.vhd w ]
add_files C:/Users/mloui/Documents/ROIC/data_collector_adc_fifo/data_collector/data_collector.srcs/sources_1/new/adc_interface.vhd
update_compile_order -fileset sources_1
create_ip -name axis_data_fifo -vendor xilinx.com -library ip -version 1.1 -module_name axis_data_fifo_0 -dir c:/Users/mloui/Documents/ROIC/data_collector_adc_fifo/data_collector/data_collector.srcs/sources_1/ip
generate_target {instantiation_template} [get_files c:/Users/mloui/Documents/ROIC/data_collector_adc_fifo/data_collector/data_collector.srcs/sources_1/ip/axis_data_fifo_0/axis_data_fifo_0.xci]
INFO: [IP_Flow 19-1686] Generating 'Instantiation Template' target for IP 'axis_data_fifo_0'...
generate_target all [get_files  c:/Users/mloui/Documents/ROIC/data_collector_adc_fifo/data_collector/data_collector.srcs/sources_1/ip/axis_data_fifo_0/axis_data_fifo_0.xci]
INFO: [IP_Flow 19-1686] Generating 'Synthesis' target for IP 'axis_data_fifo_0'...
INFO: [IP_Flow 19-1686] Generating 'Simulation' target for IP 'axis_data_fifo_0'...
INFO: [IP_Flow 19-1686] Generating 'Change Log' target for IP 'axis_data_fifo_0'...
catch { config_ip_cache -export [get_ips -all axis_data_fifo_0] }
export_ip_user_files -of_objects [get_files c:/Users/mloui/Documents/ROIC/data_collector_adc_fifo/data_collector/data_collector.srcs/sources_1/ip/axis_data_fifo_0/axis_data_fifo_0.xci] -no_script -sync -force -quiet
create_ip_run [get_files -of_objects [get_fileset sources_1] c:/Users/mloui/Documents/ROIC/data_collector_adc_fifo/data_collector/data_collector.srcs/sources_1/ip/axis_data_fifo_0/axis_data_fifo_0.xci]
launch_runs -jobs 4 axis_data_fifo_0_synth_1
[Tue Aug  7 11:38:30 2018] Launched axis_data_fifo_0_synth_1...
Run output will be captured here: C:/Users/mloui/Documents/ROIC/data_collector_adc_fifo/data_collector/data_collector.runs/axis_data_fifo_0_synth_1/runme.log
export_simulation -of_objects [get_files c:/Users/mloui/Documents/ROIC/data_collector_adc_fifo/data_collector/data_collector.srcs/sources_1/ip/axis_data_fifo_0/axis_data_fifo_0.xci] -directory C:/Users/mloui/Documents/ROIC/data_collector_adc_fifo/data_collector/data_collector.ip_user_files/sim_scripts -ip_user_files_dir C:/Users/mloui/Documents/ROIC/data_collector_adc_fifo/data_collector/data_collector.ip_user_files -ipstatic_source_dir C:/Users/mloui/Documents/ROIC/data_collector_adc_fifo/data_collector/data_collector.ip_user_files/ipstatic -lib_map_path [list {modelsim=C:/Users/mloui/Documents/ROIC/data_collector_adc_fifo/data_collector/data_collector.cache/compile_simlib/modelsim} {questa=C:/Users/mloui/Documents/ROIC/data_collector_adc_fifo/data_collector/data_collector.cache/compile_simlib/questa} {riviera=C:/Users/mloui/Documents/ROIC/data_collector_adc_fifo/data_collector/data_collector.cache/compile_simlib/riviera} {activehdl=C:/Users/mloui/Documents/ROIC/data_collector_adc_fifo/data_collector/data_collector.cache/compile_simlib/activehdl}] -use_ip_compiled_libs -force -quiet
generate_target all [get_files  c:/Users/mloui/Documents/ROIC/data_collector_adc_fifo/data_collector/data_collector.srcs/sources_1/ip/axis_data_fifo_0/axis_data_fifo_0.xci]
catch { config_ip_cache -export [get_ips -all axis_data_fifo_0] }
export_ip_user_files -of_objects [get_files c:/Users/mloui/Documents/ROIC/data_collector_adc_fifo/data_collector/data_collector.srcs/sources_1/ip/axis_data_fifo_0/axis_data_fifo_0.xci] -no_script -sync -force -quiet
reset_run axis_data_fifo_0_synth_1
launch_runs -jobs 4 axis_data_fifo_0_synth_1
[Tue Aug  7 11:38:53 2018] Launched axis_data_fifo_0_synth_1...
Run output will be captured here: C:/Users/mloui/Documents/ROIC/data_collector_adc_fifo/data_collector/data_collector.runs/axis_data_fifo_0_synth_1/runme.log
export_simulation -of_objects [get_files c:/Users/mloui/Documents/ROIC/data_collector_adc_fifo/data_collector/data_collector.srcs/sources_1/ip/axis_data_fifo_0/axis_data_fifo_0.xci] -directory C:/Users/mloui/Documents/ROIC/data_collector_adc_fifo/data_collector/data_collector.ip_user_files/sim_scripts -ip_user_files_dir C:/Users/mloui/Documents/ROIC/data_collector_adc_fifo/data_collector/data_collector.ip_user_files -ipstatic_source_dir C:/Users/mloui/Documents/ROIC/data_collector_adc_fifo/data_collector/data_collector.ip_user_files/ipstatic -lib_map_path [list {modelsim=C:/Users/mloui/Documents/ROIC/data_collector_adc_fifo/data_collector/data_collector.cache/compile_simlib/modelsim} {questa=C:/Users/mloui/Documents/ROIC/data_collector_adc_fifo/data_collector/data_collector.cache/compile_simlib/questa} {riviera=C:/Users/mloui/Documents/ROIC/data_collector_adc_fifo/data_collector/data_collector.cache/compile_simlib/riviera} {activehdl=C:/Users/mloui/Documents/ROIC/data_collector_adc_fifo/data_collector/data_collector.cache/compile_simlib/activehdl}] -use_ip_compiled_libs -force -quiet
export_ip_user_files -of_objects  [get_files c:/Users/mloui/Documents/ROIC/data_collector_adc_fifo/data_collector/data_collector.srcs/sources_1/ip/axis_data_fifo_0/axis_data_fifo_0.xci] -no_script -reset -force -quiet
remove_files  -fileset axis_data_fifo_0 c:/Users/mloui/Documents/ROIC/data_collector_adc_fifo/data_collector/data_collector.srcs/sources_1/ip/axis_data_fifo_0/axis_data_fifo_0.xci
INFO: [Project 1-386] Moving file 'c:/Users/mloui/Documents/ROIC/data_collector_adc_fifo/data_collector/data_collector.srcs/sources_1/ip/axis_data_fifo_0/axis_data_fifo_0.xci' from fileset 'axis_data_fifo_0' to fileset 'sources_1'.
file delete -force c:/Users/mloui/Documents/ROIC/data_collector_adc_fifo/data_collector/data_collector.srcs/sources_1/ip/axis_data_fifo_0
create_ip -name axis_data_fifo -vendor xilinx.com -library ip -version 1.1 -module_name axis_data_fifo_0 -dir c:/Users/mloui/Documents/ROIC/data_collector_adc_fifo/data_collector/data_collector.srcs/sources_1/ip
generate_target {instantiation_template} [get_files c:/Users/mloui/Documents/ROIC/data_collector_adc_fifo/data_collector/data_collector.srcs/sources_1/ip/axis_data_fifo_0/axis_data_fifo_0.xci]
INFO: [IP_Flow 19-1686] Generating 'Instantiation Template' target for IP 'axis_data_fifo_0'...
update_compile_order -fileset sources_1
generate_target all [get_files  c:/Users/mloui/Documents/ROIC/data_collector_adc_fifo/data_collector/data_collector.srcs/sources_1/ip/axis_data_fifo_0/axis_data_fifo_0.xci]
INFO: [IP_Flow 19-1686] Generating 'Synthesis' target for IP 'axis_data_fifo_0'...
INFO: [IP_Flow 19-1686] Generating 'Simulation' target for IP 'axis_data_fifo_0'...
INFO: [IP_Flow 19-1686] Generating 'Change Log' target for IP 'axis_data_fifo_0'...
catch { config_ip_cache -export [get_ips -all axis_data_fifo_0] }
export_ip_user_files -of_objects [get_files c:/Users/mloui/Documents/ROIC/data_collector_adc_fifo/data_collector/data_collector.srcs/sources_1/ip/axis_data_fifo_0/axis_data_fifo_0.xci] -no_script -sync -force -quiet
create_ip_run [get_files -of_objects [get_fileset sources_1] c:/Users/mloui/Documents/ROIC/data_collector_adc_fifo/data_collector/data_collector.srcs/sources_1/ip/axis_data_fifo_0/axis_data_fifo_0.xci]
launch_runs -jobs 4 axis_data_fifo_0_synth_1
[Tue Aug  7 11:41:03 2018] Launched axis_data_fifo_0_synth_1...
Run output will be captured here: C:/Users/mloui/Documents/ROIC/data_collector_adc_fifo/data_collector/data_collector.runs/axis_data_fifo_0_synth_1/runme.log
export_simulation -of_objects [get_files c:/Users/mloui/Documents/ROIC/data_collector_adc_fifo/data_collector/data_collector.srcs/sources_1/ip/axis_data_fifo_0/axis_data_fifo_0.xci] -directory C:/Users/mloui/Documents/ROIC/data_collector_adc_fifo/data_collector/data_collector.ip_user_files/sim_scripts -ip_user_files_dir C:/Users/mloui/Documents/ROIC/data_collector_adc_fifo/data_collector/data_collector.ip_user_files -ipstatic_source_dir C:/Users/mloui/Documents/ROIC/data_collector_adc_fifo/data_collector/data_collector.ip_user_files/ipstatic -lib_map_path [list {modelsim=C:/Users/mloui/Documents/ROIC/data_collector_adc_fifo/data_collector/data_collector.cache/compile_simlib/modelsim} {questa=C:/Users/mloui/Documents/ROIC/data_collector_adc_fifo/data_collector/data_collector.cache/compile_simlib/questa} {riviera=C:/Users/mloui/Documents/ROIC/data_collector_adc_fifo/data_collector/data_collector.cache/compile_simlib/riviera} {activehdl=C:/Users/mloui/Documents/ROIC/data_collector_adc_fifo/data_collector/data_collector.cache/compile_simlib/activehdl}] -use_ip_compiled_libs -force -quiet
current_project adc
current_project data_collector
create_ip -name axis_data_fifo -vendor xilinx.com -library ip -version 1.1 -module_name axis_data_fifo_1 -dir c:/Users/mloui/Documents/ROIC/data_collector_adc_fifo/data_collector/data_collector.srcs/sources_1/ip
generate_target {instantiation_template} [get_files c:/Users/mloui/Documents/ROIC/data_collector_adc_fifo/data_collector/data_collector.srcs/sources_1/ip/axis_data_fifo_1/axis_data_fifo_1.xci]
INFO: [IP_Flow 19-1686] Generating 'Instantiation Template' target for IP 'axis_data_fifo_1'...
update_compile_order -fileset sources_1
close_project
exit
INFO: [Common 17-206] Exiting Vivado at Tue Aug  7 15:04:28 2018...
