#-----------------------------------------------------------
# Vivado v2017.4 (64-bit)
# SW Build 2086221 on Fri Dec 15 20:55:39 MST 2017
# IP Build 2085800 on Fri Dec 15 22:25:07 MST 2017
# Start of session at: Mon Jul 30 09:52:20 2018
# Process ID: 17636
# Current directory: C:/Users/mloui/Documents/ROIC/data_collector_adc_fifo
# Command line: vivado.exe -gui_launcher_event rodinguilauncherevent15668 C:\Users\mloui\Documents\ROIC\data_collector_adc_fifo\adc.xpr
# Log file: C:/Users/mloui/Documents/ROIC/data_collector_adc_fifo/vivado.log
# Journal file: C:/Users/mloui/Documents/ROIC/data_collector_adc_fifo\vivado.jou
#-----------------------------------------------------------
start_gui
open_project C:/Users/mloui/Documents/ROIC/data_collector_adc_fifo/adc.xpr
Scanning sources...
Finished scanning sources
INFO: [IP_Flow 19-234] Refreshing IP repositories
INFO: [IP_Flow 19-1704] No user IP repositories specified
INFO: [IP_Flow 19-2313] Loaded Vivado IP repository 'C:/XilinxV/Vivado/2017.4/data/ip'.
open_project: Time (s): cpu = 00:00:13 ; elapsed = 00:00:08 . Memory (MB): peak = 844.469 ; gain = 153.047
update_compile_order -fileset sources_1
reset_run synth_1
launch_runs synth_1 -jobs 4
INFO: [IP_Flow 19-1686] Generating 'Synthesis' target for IP 'axis_data_fifo_0'...
[Mon Jul 30 10:16:21 2018] Launched axis_data_fifo_0_synth_1...
Run output will be captured here: C:/Users/mloui/Documents/ROIC/data_collector_adc_fifo/adc.runs/axis_data_fifo_0_synth_1/runme.log
[Mon Jul 30 10:16:21 2018] Launched synth_1...
Run output will be captured here: C:/Users/mloui/Documents/ROIC/data_collector_adc_fifo/adc.runs/synth_1/runme.log
reset_run synth_1
launch_runs synth_1 -jobs 4
[Mon Jul 30 10:21:07 2018] Launched synth_1...
Run output will be captured here: C:/Users/mloui/Documents/ROIC/data_collector_adc_fifo/adc.runs/synth_1/runme.log
launch_runs impl_1 -to_step write_bitstream -jobs 4
[Mon Jul 30 10:22:14 2018] Launched impl_1...
Run output will be captured here: C:/Users/mloui/Documents/ROIC/data_collector_adc_fifo/adc.runs/impl_1/runme.log
