#-----------------------------------------------------------
# Vivado v2017.4 (64-bit)
# SW Build 2086221 on Fri Dec 15 20:55:39 MST 2017
# IP Build 2085800 on Fri Dec 15 22:25:07 MST 2017
# Start of session at: Mon Aug  6 09:31:29 2018
# Process ID: 17308
# Current directory: C:/Users/mloui/Documents/ROIC/pwm
# Command line: vivado.exe -gui_launcher_event rodinguilauncherevent11956 C:\Users\mloui\Documents\ROIC\pwm\pwm.xpr
# Log file: C:/Users/mloui/Documents/ROIC/pwm/vivado.log
# Journal file: C:/Users/mloui/Documents/ROIC/pwm\vivado.jou
#-----------------------------------------------------------
start_gui
open_project C:/Users/mloui/Documents/ROIC/pwm/pwm.xpr
Scanning sources...
Finished scanning sources
WARNING: [filemgmt 56-3] IP Repository Path: Could not find the directory 'C:/Users/mloui/Documents/ROIC/ip_repo/pwmcore_1.0'.
INFO: [IP_Flow 19-234] Refreshing IP repositories
WARNING: [IP_Flow 19-2248] Failed to load user IP repository 'c:/Users/mloui/Documents/ROIC/ip_repo/pwmcore_1.0'; Can't find the specified path.
If this directory should no longer be in your list of user repositories, go to the IP Settings dialog and remove it.
INFO: [IP_Flow 19-2313] Loaded Vivado IP repository 'C:/XilinxV/Vivado/2017.4/data/ip'.
open_project: Time (s): cpu = 00:00:12 ; elapsed = 00:00:07 . Memory (MB): peak = 843.078 ; gain = 135.895
update_compile_order -fileset sources_1
