#-----------------------------------------------------------
# Vivado v2017.4 (64-bit)
# SW Build 2086221 on Fri Dec 15 20:55:39 MST 2017
# IP Build 2085800 on Fri Dec 15 22:25:07 MST 2017
# Start of session at: Mon Jul 23 11:37:45 2018
# Process ID: 948
# Current directory: C:/Users/mloui/Documents/ROIC/pwm
# Command line: vivado.exe -gui_launcher_event rodinguilauncherevent14724 C:\Users\mloui\Documents\ROIC\pwm\pwm.xpr
# Log file: C:/Users/mloui/Documents/ROIC/pwm/vivado.log
# Journal file: C:/Users/mloui/Documents/ROIC/pwm\vivado.jou
#-----------------------------------------------------------
start_gui
open_project C:/Users/mloui/Documents/ROIC/pwm/pwm.xpr
Scanning sources...
Finished scanning sources
INFO: [IP_Flow 19-234] Refreshing IP repositories
INFO: [IP_Flow 19-1700] Loaded user IP repository 'c:/Users/mloui/Documents/ROIC/ip_repo/pwmcore_1.0'.
INFO: [IP_Flow 19-2313] Loaded Vivado IP repository 'C:/XilinxV/Vivado/2017.4/data/ip'.
open_project: Time (s): cpu = 00:00:14 ; elapsed = 00:00:08 . Memory (MB): peak = 840.871 ; gain = 150.465
update_compile_order -fileset sources_1
set_property top pwm_board [current_fileset]
update_compile_order -fileset sources_1
exit
INFO: [Common 17-206] Exiting Vivado at Tue Jul 24 10:25:11 2018...
